<?xml version="1.0" encoding="UTF-8"?>
<testsuite name="com.bank.account.advice.AccountExceptionHandlerTest" tests="2" skipped="0" failures="0" errors="0" timestamp="2022-10-27T15:50:40" hostname="peter-B250-FinTech" time="0.488">
  <properties/>
  <testcase name="handleTransactionErrorException()" classname="com.bank.account.advice.AccountExceptionHandlerTest" time="0.469"/>
  <testcase name="handleCreateAccountException()" classname="com.bank.account.advice.AccountExceptionHandlerTest" time="0.008"/>
  <system-out><![CDATA[17:50:23.839 [Test worker] DEBUG org.springframework.test.context.BootstrapUtils - Instantiating CacheAwareContextLoaderDelegate from class [org.springframework.test.context.cache.DefaultCacheAwareContextLoaderDelegate]
17:50:23.928 [Test worker] DEBUG org.springframework.test.context.BootstrapUtils - Instantiating BootstrapContext using constructor [public org.springframework.test.context.support.DefaultBootstrapContext(java.lang.Class,org.springframework.test.context.CacheAwareContextLoaderDelegate)]
17:50:24.083 [Test worker] DEBUG org.springframework.test.context.BootstrapUtils - Instantiating TestContextBootstrapper for test class [com.bank.account.advice.AccountExceptionHandlerTest] from class [org.springframework.boot.test.context.SpringBootTestContextBootstrapper]
17:50:24.144 [Test worker] INFO org.springframework.boot.test.context.SpringBootTestContextBootstrapper - Neither @ContextConfiguration nor @ContextHierarchy found for test class [com.bank.account.advice.AccountExceptionHandlerTest], using SpringBootContextLoader
17:50:24.172 [Test worker] DEBUG org.springframework.test.context.support.AbstractContextLoader - Did not detect default resource location for test class [com.bank.account.advice.AccountExceptionHandlerTest]: class path resource [com/bank/account/advice/AccountExceptionHandlerTest-context.xml] does not exist
17:50:24.174 [Test worker] DEBUG org.springframework.test.context.support.AbstractContextLoader - Did not detect default resource location for test class [com.bank.account.advice.AccountExceptionHandlerTest]: class path resource [com/bank/account/advice/AccountExceptionHandlerTestContext.groovy] does not exist
17:50:24.175 [Test worker] INFO org.springframework.test.context.support.AbstractContextLoader - Could not detect default resource locations for test class [com.bank.account.advice.AccountExceptionHandlerTest]: no resource found for suffixes {-context.xml, Context.groovy}.
17:50:24.180 [Test worker] INFO org.springframework.test.context.support.AnnotationConfigContextLoaderUtils - Could not detect default configuration classes for test class [com.bank.account.advice.AccountExceptionHandlerTest]: AccountExceptionHandlerTest does not declare any static, non-private, non-final, nested classes annotated with @Configuration.
17:50:24.376 [Test worker] DEBUG org.springframework.test.context.support.ActiveProfilesUtils - Could not find an 'annotation declaring class' for annotation type [org.springframework.test.context.ActiveProfiles] and class [com.bank.account.advice.AccountExceptionHandlerTest]
17:50:24.696 [Test worker] DEBUG org.springframework.context.annotation.ClassPathScanningCandidateComponentProvider - Identified candidate component class: file [/home/peter/Documents/Greenfox/bank_account_project/build/classes/java/main/com/bank/account/BankApplication.class]
17:50:24.698 [Test worker] INFO org.springframework.boot.test.context.SpringBootTestContextBootstrapper - Found @SpringBootConfiguration com.bank.account.BankApplication for test class com.bank.account.advice.AccountExceptionHandlerTest
17:50:25.131 [Test worker] DEBUG org.springframework.boot.test.context.SpringBootTestContextBootstrapper - @TestExecutionListeners is not present for class [com.bank.account.advice.AccountExceptionHandlerTest]: using defaults.
17:50:25.133 [Test worker] INFO org.springframework.boot.test.context.SpringBootTestContextBootstrapper - Loaded default TestExecutionListener class names from location [META-INF/spring.factories]: [org.springframework.security.test.context.support.WithSecurityContextTestExecutionListener, org.springframework.security.test.context.support.ReactorContextTestExecutionListener, org.springframework.boot.test.autoconfigure.restdocs.RestDocsTestExecutionListener, org.springframework.boot.test.autoconfigure.web.client.MockRestServiceServerResetTestExecutionListener, org.springframework.boot.test.autoconfigure.web.servlet.MockMvcPrintOnlyOnFailureTestExecutionListener, org.springframework.boot.test.autoconfigure.web.servlet.WebDriverTestExecutionListener, org.springframework.boot.test.autoconfigure.webservices.client.MockWebServiceServerTestExecutionListener, org.springframework.boot.test.mock.mockito.MockitoTestExecutionListener, org.springframework.boot.test.mock.mockito.ResetMocksTestExecutionListener, org.springframework.test.context.web.ServletTestExecutionListener, org.springframework.test.context.support.DirtiesContextBeforeModesTestExecutionListener, org.springframework.test.context.event.ApplicationEventsTestExecutionListener, org.springframework.test.context.support.DependencyInjectionTestExecutionListener, org.springframework.test.context.support.DirtiesContextTestExecutionListener, org.springframework.test.context.transaction.TransactionalTestExecutionListener, org.springframework.test.context.jdbc.SqlScriptsTestExecutionListener, org.springframework.test.context.event.EventPublishingTestExecutionListener]
17:50:25.227 [Test worker] INFO org.springframework.boot.test.context.SpringBootTestContextBootstrapper - Using TestExecutionListeners: [org.springframework.test.context.web.ServletTestExecutionListener@5584d9c6, org.springframework.test.context.support.DirtiesContextBeforeModesTestExecutionListener@3c9c6245, org.springframework.test.context.event.ApplicationEventsTestExecutionListener@6d0be7ab, org.springframework.boot.test.mock.mockito.MockitoTestExecutionListener@1d4fb213, org.springframework.boot.test.autoconfigure.SpringBootDependencyInjectionTestExecutionListener@6ef60295, org.springframework.test.context.support.DirtiesContextTestExecutionListener@3127cb44, org.springframework.test.context.transaction.TransactionalTestExecutionListener@3234474, org.springframework.test.context.jdbc.SqlScriptsTestExecutionListener@631cb129, org.springframework.security.test.context.support.WithSecurityContextTestExecutionListener@3d20e575, org.springframework.test.context.event.EventPublishingTestExecutionListener@3252747e, org.springframework.security.test.context.support.ReactorContextTestExecutionListener@2b4b96a4, org.springframework.boot.test.autoconfigure.restdocs.RestDocsTestExecutionListener@2dd8ff1d, org.springframework.boot.test.autoconfigure.web.client.MockRestServiceServerResetTestExecutionListener@17e9bc9e, org.springframework.boot.test.autoconfigure.web.servlet.MockMvcPrintOnlyOnFailureTestExecutionListener@36b9cb99, org.springframework.boot.test.autoconfigure.web.servlet.WebDriverTestExecutionListener@4130955c, org.springframework.boot.test.autoconfigure.webservices.client.MockWebServiceServerTestExecutionListener@2bfaba70, org.springframework.boot.test.mock.mockito.ResetMocksTestExecutionListener@71adfedd]
17:50:25.238 [Test worker] DEBUG org.springframework.test.context.support.AbstractDirtiesContextTestExecutionListener - Before test class: context [DefaultTestContext@4d9754a8 testClass = AccountExceptionHandlerTest, testInstance = [null], testMethod = [null], testException = [null], mergedContextConfiguration = [WebMergedContextConfiguration@7a3b7122 testClass = AccountExceptionHandlerTest, locations = '{}', classes = '{class com.bank.account.BankApplication}', contextInitializerClasses = '[]', activeProfiles = '{}', propertySourceLocations = '{}', propertySourceProperties = '{org.springframework.boot.test.context.SpringBootTestContextBootstrapper=true}', contextCustomizers = set[org.springframework.boot.test.autoconfigure.actuate.metrics.MetricsExportContextCustomizerFactory$DisableMetricExportContextCustomizer@7ee3d262, org.springframework.boot.test.autoconfigure.properties.PropertyMappingContextCustomizer@0, org.springframework.boot.test.autoconfigure.web.servlet.WebDriverContextCustomizerFactory$Customizer@2d23faef, org.springframework.boot.test.context.filter.ExcludeFilterContextCustomizer@713064e8, org.springframework.boot.test.json.DuplicateJsonObjectContextCustomizerFactory$DuplicateJsonObjectContextCustomizer@3ae0b770, org.springframework.boot.test.mock.mockito.MockitoContextCustomizer@0, org.springframework.boot.test.web.client.TestRestTemplateContextCustomizer@2cec704c, org.springframework.boot.test.context.SpringBootTestArgs@1, org.springframework.boot.test.context.SpringBootTestWebEnvironment@4a335fa8], resourceBasePath = 'src/main/webapp', contextLoader = 'org.springframework.boot.test.context.SpringBootContextLoader', parent = [null]], attributes = map['org.springframework.test.context.web.ServletTestExecutionListener.activateListener' -> true]], class annotated with @DirtiesContext [false] with mode [null].

  .   ____          _            __ _ _
 /\\ / ___'_ __ _ _(_)_ __  __ _ \ \ \ \
( ( )\___ | '_ | '_| | '_ \/ _` | \ \ \ \
 \\/  ___)| |_)| | | | | || (_| |  ) ) ) )
  '  |____| .__|_| |_|_| |_\__, | / / / /
 =========|_|==============|___/=/_/_/_/
 :: Spring Boot ::                (v2.7.4)

2022-10-27 17:50:26.633  INFO 22830 --- [    Test worker] c.b.a.a.AccountExceptionHandlerTest      : Starting AccountExceptionHandlerTest using Java 16.0.2 on peter-B250-FinTech with PID 22830 (started by peter in /home/peter/Documents/Greenfox/bank_account_project)
2022-10-27 17:50:26.638  INFO 22830 --- [    Test worker] c.b.a.a.AccountExceptionHandlerTest      : No active profile set, falling back to 1 default profile: "default"
2022-10-27 17:50:29.039  INFO 22830 --- [    Test worker] .s.d.r.c.RepositoryConfigurationDelegate : Bootstrapping Spring Data JPA repositories in DEFAULT mode.
2022-10-27 17:50:29.223  INFO 22830 --- [    Test worker] .s.d.r.c.RepositoryConfigurationDelegate : Finished Spring Data repository scanning in 151 ms. Found 5 JPA repository interfaces.
2022-10-27 17:50:31.273  INFO 22830 --- [    Test worker] o.f.c.internal.license.VersionPrinter    : Flyway Community Edition 9.4.0 by Redgate
2022-10-27 17:50:31.273  INFO 22830 --- [    Test worker] o.f.c.internal.license.VersionPrinter    : See what's new here: https://flywaydb.org/documentation/learnmore/releaseNotes#9.4.0
2022-10-27 17:50:31.273  INFO 22830 --- [    Test worker] o.f.c.internal.license.VersionPrinter    : 
2022-10-27 17:50:31.307  INFO 22830 --- [    Test worker] com.zaxxer.hikari.HikariDataSource       : HikariPool-1 - Starting...
2022-10-27 17:50:32.272  INFO 22830 --- [    Test worker] com.zaxxer.hikari.HikariDataSource       : HikariPool-1 - Start completed.
2022-10-27 17:50:32.410  INFO 22830 --- [    Test worker] o.f.c.i.database.base.BaseDatabaseType   : Database: jdbc:mysql://localhost/bank (MySQL 8.0)
2022-10-27 17:50:32.540  INFO 22830 --- [    Test worker] o.f.core.internal.command.DbClean        : Successfully dropped pre-schema database level objects (execution time 00:00.013s)
2022-10-27 17:50:32.647  INFO 22830 --- [    Test worker] o.f.core.internal.command.DbClean        : Successfully cleaned schema `bank` (execution time 00:00.102s)
2022-10-27 17:50:32.669  INFO 22830 --- [    Test worker] o.f.core.internal.command.DbClean        : Successfully cleaned schema `bank` (execution time 00:00.020s)
2022-10-27 17:50:32.672  INFO 22830 --- [    Test worker] o.f.core.internal.command.DbClean        : Successfully dropped post-schema database level objects (execution time 00:00.002s)
2022-10-27 17:50:32.731  INFO 22830 --- [    Test worker] o.f.c.i.s.JdbcTableSchemaHistory         : Repair of failed migration in Schema History table `bank`.`flyway_schema_history` not necessary as table doesn't exist.
2022-10-27 17:50:32.769  INFO 22830 --- [    Test worker] o.f.core.internal.command.DbRepair       : Successfully repaired schema history table `bank`.`flyway_schema_history` (execution time 00:00.045s).
2022-10-27 17:50:32.805  INFO 22830 --- [    Test worker] o.f.core.internal.command.DbValidate     : Successfully validated 8 migrations (execution time 00:00.012s)
2022-10-27 17:50:32.833  INFO 22830 --- [    Test worker] o.f.c.i.s.JdbcTableSchemaHistory         : Creating Schema History table `bank`.`flyway_schema_history` ...
2022-10-27 17:50:32.936  INFO 22830 --- [    Test worker] o.f.core.internal.command.DbMigrate      : Current version of schema `bank`: << Empty Schema >>
2022-10-27 17:50:32.951  INFO 22830 --- [    Test worker] o.f.core.internal.command.DbMigrate      : Migrating schema `bank` to version "0 - create table accounts"
2022-10-27 17:50:33.010  INFO 22830 --- [    Test worker] o.f.core.internal.command.DbMigrate      : Migrating schema `bank` to version "1 - create table customers"
2022-10-27 17:50:33.051  INFO 22830 --- [    Test worker] o.f.core.internal.command.DbMigrate      : Migrating schema `bank` to version "2 - create table cusromers roles"
2022-10-27 17:50:33.096  INFO 22830 --- [    Test worker] o.f.core.internal.command.DbMigrate      : Migrating schema `bank` to version "3 - create table role"
2022-10-27 17:50:33.133  INFO 22830 --- [    Test worker] o.f.core.internal.command.DbMigrate      : Migrating schema `bank` to version "4 - create table transactions"
2022-10-27 17:50:33.169  INFO 22830 --- [    Test worker] o.f.core.internal.command.DbMigrate      : Migrating schema `bank` to version "5 - insert into role table"
2022-10-27 17:50:33.204  INFO 22830 --- [    Test worker] o.f.core.internal.command.DbMigrate      : Migrating schema `bank` to version "6 - create table tokens"
2022-10-27 17:50:33.237  INFO 22830 --- [    Test worker] o.f.core.internal.command.DbMigrate      : Migrating schema `bank` to version "7 - create table customers transactions"
2022-10-27 17:50:33.273  INFO 22830 --- [    Test worker] o.f.core.internal.command.DbMigrate      : Successfully applied 8 migrations to schema `bank`, now at version v7 (execution time 00:00.346s)
2022-10-27 17:50:33.714  INFO 22830 --- [    Test worker] o.hibernate.jpa.internal.util.LogHelper  : HHH000204: Processing PersistenceUnitInfo [name: default]
2022-10-27 17:50:33.925  INFO 22830 --- [    Test worker] org.hibernate.Version                    : HHH000412: Hibernate ORM core version 5.6.11.Final
2022-10-27 17:50:34.467  INFO 22830 --- [    Test worker] o.hibernate.annotations.common.Version   : HCANN000001: Hibernate Commons Annotations {5.1.2.Final}
2022-10-27 17:50:34.852  INFO 22830 --- [    Test worker] org.hibernate.dialect.Dialect            : HHH000400: Using dialect: org.hibernate.dialect.MySQL5Dialect
2022-10-27 17:50:37.051  INFO 22830 --- [    Test worker] o.h.e.t.j.p.i.JtaPlatformInitiator       : HHH000490: Using JtaPlatform implementation: [org.hibernate.engine.transaction.jta.platform.internal.NoJtaPlatform]
2022-10-27 17:50:37.067  INFO 22830 --- [    Test worker] j.LocalContainerEntityManagerFactoryBean : Initialized JPA EntityManagerFactory for persistence unit 'default'
2022-10-27 17:50:38.865  INFO 22830 --- [    Test worker] o.s.s.web.DefaultSecurityFilterChain     : Will secure any request with [org.springframework.security.web.session.DisableEncodeUrlFilter@220f2885, org.springframework.security.web.context.request.async.WebAsyncManagerIntegrationFilter@66d9a929, org.springframework.security.web.context.SecurityContextPersistenceFilter@18e50ef8, org.springframework.security.web.header.HeaderWriterFilter@33db8d3a, org.springframework.security.web.authentication.logout.LogoutFilter@37389825, com.bank.account.security.CustomAuthorizationFilter@4dc9b8c, org.springframework.security.web.savedrequest.RequestCacheAwareFilter@7c0ae213, org.springframework.security.web.servletapi.SecurityContextHolderAwareRequestFilter@7faf6a72, org.springframework.security.web.authentication.AnonymousAuthenticationFilter@478fdd4e, org.springframework.security.web.session.SessionManagementFilter@4b2585c7, org.springframework.security.web.access.ExceptionTranslationFilter@59cab57f]
2022-10-27 17:50:38.882  WARN 22830 --- [    Test worker] o.s.s.c.a.web.builders.WebSecurity       : You are asking Spring Security to ignore Ant [pattern='/api/login/**']. This is not recommended -- please use permitAll via HttpSecurity#authorizeHttpRequests instead.
2022-10-27 17:50:38.882  INFO 22830 --- [    Test worker] o.s.s.web.DefaultSecurityFilterChain     : Will not secure Ant [pattern='/api/login/**']
2022-10-27 17:50:38.883  WARN 22830 --- [    Test worker] o.s.s.c.a.web.builders.WebSecurity       : You are asking Spring Security to ignore Ant [pattern='/api/register/**']. This is not recommended -- please use permitAll via HttpSecurity#authorizeHttpRequests instead.
2022-10-27 17:50:38.884  INFO 22830 --- [    Test worker] o.s.s.web.DefaultSecurityFilterChain     : Will not secure Ant [pattern='/api/register/**']
2022-10-27 17:50:38.884  WARN 22830 --- [    Test worker] o.s.s.c.a.web.builders.WebSecurity       : You are asking Spring Security to ignore Ant [pattern='/api/information/**']. This is not recommended -- please use permitAll via HttpSecurity#authorizeHttpRequests instead.
2022-10-27 17:50:38.884  INFO 22830 --- [    Test worker] o.s.s.web.DefaultSecurityFilterChain     : Will not secure Ant [pattern='/api/information/**']
2022-10-27 17:50:38.884  WARN 22830 --- [    Test worker] o.s.s.c.a.web.builders.WebSecurity       : You are asking Spring Security to ignore Ant [pattern='/api/verification/**']. This is not recommended -- please use permitAll via HttpSecurity#authorizeHttpRequests instead.
2022-10-27 17:50:38.885  INFO 22830 --- [    Test worker] o.s.s.web.DefaultSecurityFilterChain     : Will not secure Ant [pattern='/api/verification/**']
2022-10-27 17:50:38.885  WARN 22830 --- [    Test worker] o.s.s.c.a.web.builders.WebSecurity       : You are asking Spring Security to ignore Ant [pattern='/resources/**']. This is not recommended -- please use permitAll via HttpSecurity#authorizeHttpRequests instead.
2022-10-27 17:50:38.885  INFO 22830 --- [    Test worker] o.s.s.web.DefaultSecurityFilterChain     : Will not secure Ant [pattern='/resources/**']
2022-10-27 17:50:38.886  WARN 22830 --- [    Test worker] o.s.s.c.a.web.builders.WebSecurity       : You are asking Spring Security to ignore Ant [pattern='/*']. This is not recommended -- please use permitAll via HttpSecurity#authorizeHttpRequests instead.
2022-10-27 17:50:38.886  INFO 22830 --- [    Test worker] o.s.s.web.DefaultSecurityFilterChain     : Will not secure Ant [pattern='/*']
2022-10-27 17:50:39.369  WARN 22830 --- [    Test worker] JpaBaseConfiguration$JpaWebConfiguration : spring.jpa.open-in-view is enabled by default. Therefore, database queries may be performed during view rendering. Explicitly configure spring.jpa.open-in-view to disable this warning
2022-10-27 17:50:40.931  INFO 22830 --- [    Test worker] c.b.a.a.AccountExceptionHandlerTest      : Started AccountExceptionHandlerTest in 15.525 seconds (JVM running for 19.846)
]]></system-out>
  <system-err><![CDATA[[2022.10.27 17:50:25] (Coverage): Error during class instrumentation: org.springframework.boot.logging.log4j2.Log4J2LoggingSystem: java.lang.RuntimeException: java.io.IOException: Class org/apache/logging/log4j/core/config/composite/CompositeConfiguration not found
[2022.10.27 17:50:31] (Coverage): Error during class instrumentation: org.flywaydb.core.internal.database.oracle.OracleDatabaseType: java.lang.RuntimeException: java.io.IOException: Class oracle/jdbc/OracleConnection not found
[2022.10.27 17:50:38] (Coverage): Error during class instrumentation: org.springframework.security.config.annotation.authentication.configurers.ldap.LdapAuthenticationProviderConfigurer: java.lang.RuntimeException: java.io.IOException: Class org/springframework/security/ldap/authentication/PasswordComparisonAuthenticator not found
[2022.10.27 17:50:38] (Coverage): Error during class instrumentation: org.springframework.security.config.annotation.web.configurers.oauth2.client.OAuth2LoginConfigurer: java.lang.RuntimeException: java.io.IOException: Class org/springframework/security/oauth2/client/endpoint/OAuth2AccessTokenResponseClient not found
]]></system-err>
</testsuite>
